<?xml version='1.0' encoding='UTF-8'?>
<testsuite hostname="SCI1019102" name="com.github.tizuck.adt.integration.JsonParserToADTSpec" tests="5" errors="0" failures="0" skipped="0" time="0.284" timestamp="2022-11-15T15:05:37">
          <properties>
      <property name="jline.esc.timeout" value="0"/><property name="java.runtime.name" value="Java(TM) SE Runtime Environment"/><property name="sun.boot.library.path" value="C:\Program Files (x86)\Java\jre1.8.0_351\bin"/><property name="java.vm.version" value="25.351-b10"/><property name="user.country.format" value="DK"/><property name="java.vm.vendor" value="Oracle Corporation"/><property name="java.vendor.url" value="http://java.oracle.com/"/><property name="path.separator" value=";"/><property name="jna.loaded" value="true"/><property name="java.vm.name" value="Java HotSpot(TM) Client VM"/><property name="file.encoding.pkg" value="sun.io"/><property name="user.country" value="US"/><property name="user.script" value=""/><property name="sun.java.launcher" value="SUN_STANDARD"/><property name="sun.os.patch.level" value=""/><property name="jna.nosys" value="true"/><property name="java.vm.specification.name" value="Java Virtual Machine Specification"/><property name="user.dir" value="C:\Users\dbs476\Documents\Repos\scala-jgspec-dot"/><property name="java.runtime.version" value="1.8.0_351-b10"/><property name="java.awt.graphicsenv" value="sun.awt.Win32GraphicsEnvironment"/><property name="java.endorsed.dirs" value="C:\Program Files (x86)\Java\jre1.8.0_351\lib\endorsed"/><property name="os.arch" value="x86"/><property name="java.io.tmpdir" value="C:\Users\dbs476\AppData\Local\Temp\"/><property name="line.separator" value="
"/><property name="java.vm.specification.vendor" value="Oracle Corporation"/><property name="log4j.ignoreTCL" value="true"/><property name="user.variant" value=""/><property name="os.name" value="Windows 10"/><property name="sun.jnu.encoding" value="Cp1252"/><property name="jnidispatch.path" value="C:\Users\dbs476\AppData\Local\Temp\jna--1338069442\jna187004714909302975.dll"/><property name="java.library.path" value="C:\Program Files (x86)\Common Files\Oracle\Java\javapath;C:\WINDOWS\Sun\Java\bin;C:\WINDOWS\system32;C:\WINDOWS;C:\Program Files (x86)\Common Files\Oracle\Java\javapath;C:\WINDOWS\system32;C:\WINDOWS;C:\WINDOWS\System32\Wbem;C:\WINDOWS\System32\WindowsPowerShell\v1.0\;C:\WINDOWS\System32\OpenSSH\;C:\Program Files\Git\cmd;C:\Program Files\Microsoft SQL Server\150\Tools\Binn\;C:\Program Files\Microsoft SQL Server\Client SDK\ODBC\170\Tools\Binn\;C:\Program Files\dotnet\;C:\Program Files\Docker\Docker\resources\bin;C:\Program Files\nodejs\;C:\Program Files (x86)\sbt\bin;C:\Users\dbs476\AppData\Local\Microsoft\WindowsApps;C:\Users\dbs476\AppData\Local\atom\bin;C:\Users\dbs476\AppData\Local\Programs\MiKTeX\miktex\bin\x64\;C:\Users\dbs476/dapr;C:\Users\dbs476\.dapr\bin;C:\Users\dbs476\.dapr\bin;C:\Users\dbs476\AppData\Local\Programs\Git\cmd;C:\Users\dbs476\jdk-11\bin;C:\Users\dbs476\apache-maven-3.8.5\bin;;C:\Program Files\JetBrains\IntelliJ IDEA 2021.3.3\bin;;C:\ghcup\bin;C:\Users\dbs476\AppData\Local\Programs\Microsoft VS Code\bin;C:\Users\dbs476\.dotnet\tools;C:\Users\dbs476\AppData\Roaming\npm;C:\Program Files\Graphviz\bin;."/><property name="java.specification.name" value="Java Platform API Specification"/><property name="java.class.version" value="52.0"/><property name="sbt.ipcsocket.tmpdir" value="C:\Users\dbs476\AppData\Local\Temp\.sbtbeb8c706\ipcsocket"/><property name="sun.management.compiler" value="HotSpot Client Compiler"/><property name="os.version" value="10.0"/><property name="swoval.tmpdir" value="C:\Users\dbs476\AppData\Local\Temp\.sbtbeb8c706\swoval"/><property name="user.home" value="C:\Users\dbs476"/><property name="user.timezone" value="Europe/Paris"/><property name="java.awt.printerjob" value="sun.awt.windows.WPrinterJob"/><property name="file.encoding" value="UTF-8"/><property name="java.specification.version" value="1.8"/><property name="java.class.path" value="C:\Program Files (x86)\sbt\\bin\sbt-launch.jar"/><property name="user.name" value="dbs476"/><property name="jline.shutdownhook" value="false"/><property name="java.vm.specification.version" value="1.8"/><property name="sun.java.command" value="xsbt.boot.Boot test"/><property name="java.home" value="C:\Program Files (x86)\Java\jre1.8.0_351"/><property name="sun.arch.data.model" value="32"/><property name="user.language" value="en"/><property name="java.specification.vendor" value="Oracle Corporation"/><property name="user.language.format" value="da"/><property name="awt.toolkit" value="sun.awt.windows.WToolkit"/><property name="java.vm.info" value="mixed mode"/><property name="java.version" value="1.8.0_351"/><property name="java.ext.dirs" value="C:\Program Files (x86)\Java\jre1.8.0_351\lib\ext;C:\WINDOWS\Sun\Java\lib\ext"/><property name="sun.boot.class.path" value="C:\Program Files (x86)\Java\jre1.8.0_351\lib\resources.jar;C:\Program Files (x86)\Java\jre1.8.0_351\lib\rt.jar;C:\Program Files (x86)\Java\jre1.8.0_351\lib\jsse.jar;C:\Program Files (x86)\Java\jre1.8.0_351\lib\jce.jar;C:\Program Files (x86)\Java\jre1.8.0_351\lib\charsets.jar;C:\Program Files (x86)\Java\jre1.8.0_351\lib\jfr.jar;C:\Program Files (x86)\Java\jre1.8.0_351\classes"/><property name="java.vendor" value="Oracle Corporation"/><property name="sun.stderr.encoding" value="cp437"/><property name="java.specification.maintenance.version" value="4"/><property name="file.separator" value="\"/><property name="java.vendor.url.bug" value="http://bugreport.sun.com/bugreport/"/><property name="sun.io.unicode.encoding" value="UnicodeLittle"/><property name="sun.cpu.endian" value="little"/><property name="sun.stdout.encoding" value="cp437"/><property name="sun.desktop" value="windows"/><property name="sun.cpu.isalist" value="pentium_pro+mmx pentium_pro pentium+mmx pentium i486 i386 i86"/>
    </properties>
          <testcase classname="com.github.tizuck.adt.integration.JsonParserToADTSpec" name="A Json Parser should parse an empty single graph and the ADT should contain an empty graph" time="0.112">
                      
                    </testcase><testcase classname="com.github.tizuck.adt.integration.JsonParserToADTSpec" name="A Json Parser should parse a single graph with nodes only and the ADT should contain a single graph with the two expected nodes" time="0.0">
                      
                    </testcase><testcase classname="com.github.tizuck.adt.integration.JsonParserToADTSpec" name="A Json Parser should parse a single graph with edges and nodes and the ADT should contain a single graph with expected edges and nodes" time="0.015">
                      
                    </testcase><testcase classname="com.github.tizuck.adt.integration.JsonParserToADTSpec" name="A Json Parser should parse a single graph with hyperedges and the ADT should contain a HyperGraph instance with expected hyperedges and nodes" time="0.157">
                      
                    </testcase><testcase classname="com.github.tizuck.adt.integration.JsonParserToADTSpec" name="A Json Parser should parse a complete example of a single graph and the ADT should be a simple graph" time="0.0">
                      
                    </testcase>
          <system-out><![CDATA[]]></system-out>
          <system-err><![CDATA[]]></system-err>
        </testsuite>