<?xml version='1.0' encoding='UTF-8'?>
<testsuite hostname="DESKTOP-2BN2AKN" name="com.github.tizuck.adt.integration.JsonParserToADTSpec" tests="5" errors="0" failures="0" skipped="0" time="0.523" timestamp="2022-11-19T12:14:12">
          <properties>
      <property name="awt.toolkit" value="sun.awt.windows.WToolkit"/><property name="java.specification.version" value="11"/><property name="sun.cpu.isalist" value="amd64"/><property name="sun.jnu.encoding" value="Cp1252"/><property name="sbt.log.format" value="true"/><property name="sun.arch.data.model" value="64"/><property name="java.vendor.url" value="http://java.oracle.com/"/><property name="sun.boot.library.path" value="C:\Program Files\Java\jdk-11.0.4\bin"/><property name="sun.java.command" value="xsbt.boot.Boot test"/><property name="jdk.debug" value="release"/><property name="sun.stderr.encoding" value="cp850"/><property name="java.specification.vendor" value="Oracle Corporation"/><property name="java.version.date" value="2019-07-16"/><property name="java.home" value="C:\Program Files\Java\jdk-11.0.4"/><property name="file.separator" value="\"/><property name="java.vm.compressedOopsMode" value="32-bit"/><property name="line.separator" value="
"/><property name="sun.stdout.encoding" value="cp850"/><property name="java.specification.name" value="Java Platform API Specification"/><property name="java.vm.specification.vendor" value="Oracle Corporation"/><property name="user.script" value=""/><property name="sun.management.compiler" value="HotSpot 64-Bit Tiered Compilers"/><property name="java.runtime.version" value="11.0.4+10-LTS"/><property name="user.name" value="Tilman"/><property name="log4j.ignoreTCL" value="true"/><property name="file.encoding" value="Cp1252"/><property name="jnidispatch.path" value="C:\Users\Tilman\AppData\Local\Temp\jna--1789823613\jna14280350363620422379.dll"/><property name="java.vendor.version" value="18.9"/><property name="jna.loaded" value="true"/><property name="java.io.tmpdir" value="C:\Users\Tilman\AppData\Local\Temp\"/><property name="java.version" value="11.0.4"/><property name="java.vm.specification.name" value="Java Virtual Machine Specification"/><property name="java.awt.printerjob" value="sun.awt.windows.WPrinterJob"/><property name="sun.os.patch.level" value=""/><property name="java.library.path" value="C:\Program Files\Java\jdk-11.0.4\bin;C:\WINDOWS\Sun\Java\bin;C:\WINDOWS\system32;C:\WINDOWS;C:\Program Files\Java\jdk-11.0.4\bin\bin;C:\Program Files (x86)\Common Files\Intel\Shared Libraries\redist\intel64\compiler;C:\Program Files\Haskell\bin;C:\Program Files\Haskell Platform\8.6.3\lib\extralibs\bin;C:\Program Files\Haskell Platform\8.6.3\bin;C:\Windows\system32;C:\Windows;C:\Windows\System32\Wbem;C:\Windows\System32\WindowsPowerShell\v1.0\;C:\Program Files (x86)\NVIDIA Corporation\PhysX\Common;C:\Program Files\NVIDIA Corporation\NVIDIA NvDLISR;C:\Program Files\Git\cmd;C:\Program Files\Haskell Platform\8.6.3\mingw\bin;C:\WINDOWS\system32;C:\WINDOWS;C:\WINDOWS\System32\Wbem;C:\WINDOWS\System32\WindowsPowerShell\v1.0\;C:\WINDOWS\System32\OpenSSH\;C:\Program Files (x86)\sbt\bin;C:\Program Files\TortoiseSVN\bin;C:\Program Files (x86)\scala\bin;C:\ProgramData\chocolatey\bin;C:\Program Files\Microsoft SQL Server\130\Tools\Binn\;C:\Program Files\Java\jdk-11.0.4;;C:\Program Files\nodejs\;C:\Program Files\Docker\Docker\resources\bin;C:\ProgramData\DockerDesktop\version-bin;C:\Users\Tilman\AppData\Roaming\local\bin;C:\Users\Tilman\AppData\Roaming\cabal\bin;C:\Users\Tilman\AppData\Local\Microsoft\WindowsApps;C:\Users\Tilman\AppData\Local\Programs\MiKTeX 2.9\miktex\bin\x64\;C:\Program Files (x86)\sbt\bin;C:\Users\Tilman\AppData\Local\Programs\Microsoft VS Code\bin;C:\Users\Tilman\AppData\Local\Pandoc\;C:\Users\Tilman\AppData\Local\Microsoft\WindowsApps;C:\Program Files\Inkscape\lib;C:\Program Files\Inkscape;C:\Users\Tilman\Documents\grpcurl_1.8.0_windows_x86_64;C:\Program Files\Java\jdk-11.0.4\bin;C:\Users\Tilman\AppData\Local\atom\bin;C:\Users\Tilman\AppData\Roaming\npm;C:\Program Files\apache-maven-3.6.2\bin;;c:\dapr;C:\Users\Tilman\.dapr\bin;C:\Users\Tilman\.dapr\bin;C:\Program Files\Graphviz\bin;."/><property name="java.vendor" value="Oracle Corporation"/><property name="scala.ext.dirs" value="C:\Users\Tilman\.sbt\0.13\java9-rt-ext-oracle_corporation_11_0_4"/><property name="sun.io.unicode.encoding" value="UnicodeLittle"/><property name="sun.desktop" value="windows"/><property name="java.class.path" value="C:\Program Files (x86)\sbt\bin\sbt-launch.jar"/><property name="java.vm.vendor" value="Oracle Corporation"/><property name="user.variant" value=""/><property name="jline.shutdownhook" value="false"/><property name="user.timezone" value="Europe/Berlin"/><property name="os.name" value="Windows 10"/><property name="java.vm.specification.version" value="11"/><property name="sun.java.launcher" value="SUN_STANDARD"/><property name="user.country" value="DE"/><property name="sun.cpu.endian" value="little"/><property name="user.home" value="C:\Users\Tilman"/><property name="user.language" value="de"/><property name="sbt.ipcsocket.tmpdir" value="C:\Users\Tilman\AppData\Local\Temp\.sbt6242c55a\ipcsocket"/><property name="swoval.tmpdir" value="C:\Users\Tilman\AppData\Local\Temp\.sbt6242c55a\swoval"/><property name="java.awt.graphicsenv" value="sun.awt.Win32GraphicsEnvironment"/><property name="jline.esc.timeout" value="0"/><property name="path.separator" value=";"/><property name="os.version" value="10.0"/><property name="jna.nosys" value="true"/><property name="java.runtime.name" value="Java(TM) SE Runtime Environment"/><property name="java.vm.name" value="Java HotSpot(TM) 64-Bit Server VM"/><property name="java.vendor.url.bug" value="http://bugreport.java.com/bugreport/"/><property name="user.dir" value="C:\Users\Tilman\Documents\Repos\scala-jgspec-dot"/><property name="os.arch" value="amd64"/><property name="java.vm.info" value="mixed mode"/><property name="java.vm.version" value="11.0.4+10-LTS"/><property name="java.class.version" value="55.0"/>
    </properties>
          <testcase classname="com.github.tizuck.adt.integration.JsonParserToADTSpec" name="A Json Parser should parse an empty single graph and the ADT should contain an empty graph" time="0.475">
                      
                    </testcase><testcase classname="com.github.tizuck.adt.integration.JsonParserToADTSpec" name="A Json Parser should parse a single graph with nodes only and the ADT should contain a single graph with the two expected nodes" time="0.01">
                      
                    </testcase><testcase classname="com.github.tizuck.adt.integration.JsonParserToADTSpec" name="A Json Parser should parse a single graph with edges and nodes and the ADT should contain a single graph with expected edges and nodes" time="0.009">
                      
                    </testcase><testcase classname="com.github.tizuck.adt.integration.JsonParserToADTSpec" name="A Json Parser should parse a single graph with hyperedges and the ADT should contain a HyperGraph instance with expected hyperedges and nodes" time="0.013">
                      
                    </testcase><testcase classname="com.github.tizuck.adt.integration.JsonParserToADTSpec" name="A Json Parser should parse a complete example of a single graph and the ADT should be a simple graph" time="0.016">
                      
                    </testcase>
          <system-out><![CDATA[]]></system-out>
          <system-err><![CDATA[]]></system-err>
        </testsuite>