<?xml version='1.0' encoding='UTF-8'?>
<testsuite hostname="SCI1019102" name="com.github.tizuck.adt.integration.JsonParserToADTSpec" tests="5" errors="0" failures="0" skipped="0" time="0.172" timestamp="2022-11-18T14:11:52">
          <properties>
      <property name="awt.toolkit" value="sun.awt.windows.WToolkit"/><property name="java.specification.version" value="11"/><property name="sun.cpu.isalist" value="amd64"/><property name="sun.jnu.encoding" value="Cp1252"/><property name="sun.arch.data.model" value="64"/><property name="sbt.supershell" value="false"/><property name="java.vendor.url" value="http://java.oracle.com/"/><property name="user.country.format" value="DK"/><property name="sun.boot.library.path" value="C:\Users\dbs476\jdk-11\bin"/><property name="sun.java.command" value="C:\Users\dbs476\AppData\Roaming\JetBrains\IntelliJIdea2022.1\plugins\Scala\launcher\sbt-launch.jar early(addPluginSbtFile=&quot;&quot;&quot;C:\Users\dbs476\AppData\Local\Temp\idea.sbt&quot;&quot;&quot;) ; set ideaPort in Global := 59224 ; idea-shell"/><property name="jdk.debug" value="release"/><property name="sun.stderr.encoding" value="cp437"/><property name="java.specification.vendor" value="Oracle Corporation"/><property name="java.version.date" value="2018-09-25"/><property name="java.home" value="C:\Users\dbs476\jdk-11"/><property name="file.separator" value="\"/><property name="java.vm.compressedOopsMode" value="32-bit"/><property name="line.separator" value="
"/><property name="sun.stdout.encoding" value="cp437"/><property name="java.specification.name" value="Java Platform API Specification"/><property name="java.vm.specification.vendor" value="Oracle Corporation"/><property name="idea.installation.dir" value="C:\Program Files\JetBrains\IntelliJ IDEA 2021.3.3"/><property name="user.script" value=""/><property name="sun.management.compiler" value="HotSpot 64-Bit Tiered Compilers"/><property name="java.runtime.version" value="11+28"/><property name="user.name" value="dbs476"/><property name="log4j.ignoreTCL" value="true"/><property name="file.encoding" value="UTF-8"/><property name="jnidispatch.path" value="C:\Users\dbs476\AppData\Local\Temp\jna--1338069442\jna4507220218191904626.dll"/><property name="java.vendor.version" value="18.9"/><property name="jna.loaded" value="true"/><property name="java.io.tmpdir" value="C:\Users\dbs476\AppData\Local\Temp\"/><property name="java.version" value="11"/><property name="java.vm.specification.name" value="Java Virtual Machine Specification"/><property name="java.awt.printerjob" value="sun.awt.windows.WPrinterJob"/><property name="sun.os.patch.level" value=""/><property name="java.library.path" value="C:\Users\dbs476\jdk-11\bin;C:\WINDOWS\Sun\Java\bin;C:\WINDOWS\system32;C:\WINDOWS;C:\Program Files (x86)\Common Files\Oracle\Java\javapath;C:\WINDOWS\system32;C:\WINDOWS;C:\WINDOWS\System32\Wbem;C:\WINDOWS\System32\WindowsPowerShell\v1.0\;C:\WINDOWS\System32\OpenSSH\;C:\Program Files\Git\cmd;C:\Program Files\Microsoft SQL Server\150\Tools\Binn\;C:\Program Files\Microsoft SQL Server\Client SDK\ODBC\170\Tools\Binn\;C:\Program Files\dotnet\;C:\Program Files\nodejs\;C:\Program Files (x86)\sbt\bin;C:\Program Files\Docker\Docker\resources\bin;C:\Users\dbs476\AppData\Local\Microsoft\WindowsApps;C:\Users\dbs476\AppData\Local\atom\bin;C:\Users\dbs476\AppData\Local\Programs\MiKTeX\miktex\bin\x64\;C:\Users\dbs476/dapr;C:\Users\dbs476\.dapr\bin;C:\Users\dbs476\.dapr\bin;C:\Users\dbs476\AppData\Local\Programs\Git\cmd;C:\Users\dbs476\jdk-11\bin;C:\Users\dbs476\apache-maven-3.8.5\bin;;C:\Program Files\JetBrains\IntelliJ IDEA 2021.3.3\bin;;C:\ghcup\bin;C:\Users\dbs476\AppData\Local\Programs\Microsoft VS Code\bin;C:\Users\dbs476\.dotnet\tools;C:\Users\dbs476\AppData\Roaming\npm;C:\Program Files\Graphviz\bin;."/><property name="java.vendor" value="Oracle Corporation"/><property name="sun.io.unicode.encoding" value="UnicodeLittle"/><property name="sun.desktop" value="windows"/><property name="java.class.path" value="C:\Users\dbs476\AppData\Roaming\JetBrains\IntelliJIdea2022.1\plugins\Scala\launcher\sbt-launch.jar"/><property name="java.vm.vendor" value="Oracle Corporation"/><property name="user.variant" value=""/><property name="jline.shutdownhook" value="false"/><property name="user.timezone" value="Europe/Paris"/><property name="os.name" value="Windows 10"/><property name="java.vm.specification.version" value="11"/><property name="sun.java.launcher" value="SUN_STANDARD"/><property name="user.country" value="US"/><property name="sun.cpu.endian" value="little"/><property name="user.home" value="C:\Users\dbs476"/><property name="user.language" value="en"/><property name="sbt.ipcsocket.tmpdir" value="C:\Users\dbs476\AppData\Local\Temp\.sbtbeb8c706\ipcsocket"/><property name="swoval.tmpdir" value="C:\Users\dbs476\AppData\Local\Temp\.sbtbeb8c706\swoval"/><property name="java.awt.graphicsenv" value="sun.awt.Win32GraphicsEnvironment"/><property name="jline.esc.timeout" value="0"/><property name="path.separator" value=";"/><property name="os.version" value="10.0"/><property name="jna.nosys" value="true"/><property name="java.runtime.name" value="OpenJDK Runtime Environment"/><property name="sbt.log.noformat" value="true"/><property name="java.vm.name" value="OpenJDK 64-Bit Server VM"/><property name="java.vendor.url.bug" value="http://bugreport.java.com/bugreport/"/><property name="user.dir" value="C:\Users\dbs476\Documents\Repos\scala-jgspec-dot"/><property name="os.arch" value="amd64"/><property name="user.language.format" value="da"/><property name="idea.managed" value="true"/><property name="java.vm.info" value="mixed mode"/><property name="java.vm.version" value="11+28"/><property name="java.class.version" value="55.0"/>
    </properties>
          <testcase classname="com.github.tizuck.adt.integration.JsonParserToADTSpec" name="A Json Parser should parse an empty single graph and the ADT should contain an empty graph" time="0.141">
                      
                    </testcase><testcase classname="com.github.tizuck.adt.integration.JsonParserToADTSpec" name="A Json Parser should parse a single graph with nodes only and the ADT should contain a single graph with the two expected nodes" time="0.0">
                      
                    </testcase><testcase classname="com.github.tizuck.adt.integration.JsonParserToADTSpec" name="A Json Parser should parse a single graph with edges and nodes and the ADT should contain a single graph with expected edges and nodes" time="0.0">
                      
                    </testcase><testcase classname="com.github.tizuck.adt.integration.JsonParserToADTSpec" name="A Json Parser should parse a single graph with hyperedges and the ADT should contain a HyperGraph instance with expected hyperedges and nodes" time="0.015">
                      
                    </testcase><testcase classname="com.github.tizuck.adt.integration.JsonParserToADTSpec" name="A Json Parser should parse a complete example of a single graph and the ADT should be a simple graph" time="0.016">
                      
                    </testcase>
          <system-out><![CDATA[]]></system-out>
          <system-err><![CDATA[]]></system-err>
        </testsuite>